Arguments: 
  /nix/store/dj805sw07vvpbxx39c8g67x8qddg0ikw-nodejs-18.12.1/bin/node /nix/store/zdcnqq55qi214j46zgw2qa1jp4dpdf2m-yarn-1.22.19/bin/yarn add @douyinfe/semi-icons

PATH: 
  /home/runner/aiZhu-Shou-Qian-Duan-Xi-Tong/.config/npm/node_global/bin:/home/runner/aiZhu-Shou-Qian-Duan-Xi-Tong/node_modules/.bin:/nix/store/bap4d0lpcrhpwmpb8ayjcgkmvfj62lnq-bash-interactive-5.1-p16/bin:/nix/store/pr5n59mb4jzmfx6kanwxly0l07p861fg-patchelf-0.15.0/bin:/nix/store/dq0xwmsk1g0i2ayg6pb7y87na2knzylh-gcc-wrapper-11.3.0/bin:/nix/store/1gf2flfqnpqbr1b4p4qz2f72y42bs56r-gcc-11.3.0/bin:/nix/store/57xv61c5zi8pphjbcwxxjlgc34p61ic9-glibc-2.35-163-bin/bin:/nix/store/a7gvj343m05j2s32xcnwr35v31ynlypr-coreutils-9.1/bin:/nix/store/1d6ian3r8kdzspw8hacjhl3xkp40g1lj-binutils-wrapper-2.39/bin:/nix/store/039g378vc3pc3dvi9dzdlrd0i4q93qwf-binutils-2.39/bin:/nix/store/0l5yh0rdzibk8arj9c8gzy1570jkc3vf-nodejs-16.18.1/bin:/nix/store/w8q2bwi6rdhsa1dz9i8mqznddk5l7p26-typescript-language-server-3.3.2/bin:/nix/store/zdcnqq55qi214j46zgw2qa1jp4dpdf2m-yarn-1.22.19/bin:/nix/store/n1wjpwirjdkvkqyfjjg8qafgdhpr5w2m-jest-cli-23.6.0/bin:/nix/store/mydc6f4k2z73xlcz7ilif3v2lcaiqvza-findutils-4.9.0/bin:/nix/store/j9p3g8472iijd50vhdprx0nmk2fqn5gv-diffutils-3.8/bin:/nix/store/89zs7rms6x00xfq4dq6m7mjnhkr8a6r4-gnused-4.8/bin:/nix/store/86bp03jkmsl6f92w0yzg4s59g5mhxwmy-gnugrep-3.7/bin:/nix/store/hwcdqw4jrjnd37wxqgsd47hd0j8bnj09-gawk-5.1.1/bin:/nix/store/cfbhw8r8ags41vwqaz47r583d0p4h4a1-gnutar-1.34/bin:/nix/store/p3m1ndl1lapwrlh698bnb5lvvxh67378-gzip-1.12/bin:/nix/store/a8mhcagrsly7c7mpjrpsnaahk4aax056-bzip2-1.0.8-bin/bin:/nix/store/mblgz65m3zv9x548a3d5m96fj2pbwr09-gnumake-4.3/bin:/nix/store/dsd5gz46hdbdk2rfdimqddhq6m8m8fqs-bash-5.1-p16/bin:/nix/store/v7ljksji50mg3w61dykaa3n3y79n6nil-patch-2.7.6/bin:/nix/store/zlcnmqq14jz5x9439jf937mvayyl63da-xz-5.2.7-bin/bin:/nix/store/y6aj732zm9m87c82fpvf103a1xb22blp-file-5.43/bin:/home/runner/aiZhu-Shou-Qian-Duan-Xi-Tong/.pythonlibs/bin:/nix/store/h6g1h70a99fblk40q7wfwzjq7ic8ar0i-python3-wrapper/bin:/nix/store/f18dm2xfj2hmlg1wm836zpdlhys0wp23-pip-wrapper/bin:/nix/store/8pmjcr5pp8lcqrard5bxlc31clwqfz4s-poetry-wrapper/bin:/nix/store/yq0vlv3d2f5si3ibawpq5ay2pc6knixp-nix-2.18.0pre20230808_c0e6466/bin:/nix/store/i4kzir3m7mrisxmf5xvlnkw01x4qaqr4-prybar-elisp-0.0.0-e0d9a52/bin:/nix/store/lwwivxf6h7x3cvxp9zv8sj0mv7dak99r-prybar-lua-0.0.0-e0d9a52/bin:/nix/store/gxj28g1cg4hq3qanmjv07156h800qr58-prybar-python3-0.0.0-e0d9a52/bin:/nix/store/hshkjnxrgidigf8x75vg6lqng2xlx9i3-prybar-sqlite-0.0.0-e0d9a52/bin:/nix/store/c4w01bpjgyy5ixmwdk8m1pw87zq4sl26-prybar-tcl-0.0.0-e0d9a52/bin:/nix/store/hpbvrlwd5viqmvcaisb3x0118i913a9n-stderred-0.1.0/bin:/nix/store/wz5jp9yxipj81f0zrrckz5sibxnnkk5x-upm-0.0.0-0708c25/bin:/nix/store/8kqfz8ysfg284x7qqhhxdvkh4yjwvimi-pid1/bin:/nix/store/ic6qnrphr39fbwjcxkgjp8xlczn15hq1-less-643/bin:/nix/store/whwwhd6ns271bj0ff86ap37i9r9kzi9c-git-2.42.0/bin:/nix/store/r1diwi9xkwqrbkv0mrckh19ppp06r9i4-silver-searcher-2.2.0/bin:/nix/store/ymhkmfiwv6ljnyga3sxb66l1d7ca4lk3-bash/bin:/nix/store/vwkvhj69z4qqgmpa2lwm97kabf12p26r-coreutils-9.3/bin:/nix/store/ndx64mdps5p74illylpzq25pi4kbr05x-vscode-cpptools-dap-1.3.1/bin:/nix/store/6lppqybghirwljfwcwbr0z7rzdqncn3j-replit-python-dap-wrapper-1.0.0/bin:/nix/store/d5xnf88adnh45n7qacdyl37sb0qhz0bf-node-dap/bin:/nix/store/k4ww8n0mqbx5ff0aj90jnqi0swr8akla-pydeppaths-1.0.0/bin:/nix/store/90hs7aipck6vz90xpdyb6vjjzlr7ci64-fluxbox/bin:/nix/store/qpnf0dafrfsbcwb4z7cphjm0dff0vl7l-prybar-nodejs-0.0.0-e0d9a52/bin:/nix/store/p109137pdyy3l8xjzd2zwknhc2l4yj5a-pulseaudio-16.1/bin:/nix/store/146hw02zpnhkn5cabjf3pmdl32clz0jn-rfbproxy-0.0.0-9c8ca29/bin:/nix/store/g5vyafx7amin9rv99npzz54bgp437kgd-toml-editor-0.0.0-d7dc78d/bin:/nix/store/mi0by7pw54j7nn8a9pp8z03rghfhb2ba-nix-editor-0.0.0-fb83e47/bin:/nix/store/xxwdh0kcj077br5vy2kpi6bznwlq6axi-tigervnc-1.13.1/bin:/nix/store/kxxmdnyk9zhn52v8yhjksiq2cx90vyd2-xwininfo-1.1.6/bin:/nix/store/pv89r9i1d8ajin2vp7qfs63nakg7s17k-replbox/bin:/nix/store/0g1lq3vff290wainxdlbz9a18m28pr4r-curl-8.4.0-bin/bin:/nix/store/f5qy259g9b4qh0hwz22z5j5bq3m53cpv-gnutar-1.35/bin:/nix/store/3nbvki8kpyni8nq8q6dbzhrmrpgcbvyz-libglvnd-1.6.0/bin:/nix/store/x8gff7zw0xn2kzj0xi36kwkwh5irl9mw-ripgrep-13.0.0/bin:/nix/store/xnrc27zfxhpwbd8gcmfyh36r4wa5l72j-sd-0.7.6/bin:/nix/store/412vmy2s2w63653mfnk3p6w8m1mbvcwq-apt-get/bin:/nix/store/s50yw8wrq90ajh6q2yg8by4jk0c48ig4-apt/bin:/nix/store/jj38yn79vfwpsasrvg63kz3q3znni1i8-sudo/bin:/nix/store/252w9k71955a6g4ym4646x35ixwhxbmw-replit-git-askpass/bin:/nix/store/wz8sm86f9vp5y10r62j4afxqr8dd28fl-replit-git-editor/bin:/nix/store/r0hg7hcfbskqbcyhdz3rp76smb5q5mgp-xdg-open/bin:/nix/store/w8jl7avpp9sw6jaskrhwb9qcal3axgrk-moduleit/bin:/nix/store/wl0r3b0nnbklck68vjh281pibjq091nc-hostingpid1-1.0.8/bin:/nix/store/zlzz2z48s7ry0hkl55xiqp5a73b4mzrg-gcc-wrapper-12.3.0/bin:/nix/store/rzqd859mqsxq4w32lzgbmwlv68sxwwmw-gnumake-4.4.1/bin:/nix/store/acb5c8z8ag05v39vy81i09d9m525yzkr-rippkgs-0.1.0/bin:/nix/store/ci0jv4h024pvih1znnfh5008h4ivhsxq-rippkgs-index-0.1.0/bin:/nix/store/nca9ffbfh83d1r2cqg26ljmgj447ilri-man-db-2.11.2/bin:/nix/store/83qm9rii0sd5251bjv8344bz9gg423a9-direnv-2.32.3/bin:/home/runner/.nix-profile/bin:/home/runner/.local/bin:/usr/local/sbin:/usr/local/bin:/usr/sbin:/usr/bin:/sbin:/bin

Yarn version: 
  1.22.19

Node version: 
  18.12.1

Platform: 
  linux x64

Trace: 
  Error: https://registry.npmjs.org/@douyinfe/semi-icons/-/semi-icons-2.53.2.tgz: ESOCKETTIMEDOUT
      at ClientRequest.<anonymous> (/nix/store/zdcnqq55qi214j46zgw2qa1jp4dpdf2m-yarn-1.22.19/libexec/yarn/lib/cli.js:141517:19)
      at Object.onceWrapper (node:events:627:28)
      at ClientRequest.emit (node:events:513:28)
      at TLSSocket.emitRequestTimeout (node:_http_client:838:9)
      at Object.onceWrapper (node:events:627:28)
      at TLSSocket.emit (node:events:525:35)
      at Socket._onTimeout (node:net:562:8)
      at listOnTimeout (node:internal/timers:564:17)
      at process.processTimers (node:internal/timers:507:7)

npm manifest: 
  {
    "name": "react-typescript",
    "version": "1.0.0",
    "type": "module",
    "description": "React TypeScript on Replit, using Vite bundler",
    "scripts": {
      "dev": "vite",
      "build": "tsc && vite build",
      "preview": "vite preview"
    },
    "keywords": [],
    "author": "",
    "license": "ISC",
    "devDependencies": {
      "@types/react": "^18.0.15",
      "@types/react-dom": "^18.0.6",
      "@vitejs/plugin-react": "^2.0.0",
      "react": "^18.2.0",
      "react-dom": "^18.2.0",
      "typescript": "^4.7.4",
      "vite": "^3.0.4"
    },
    "dependencies": {
      "@douyinfe/semi-icons-lab": "^2.50.1",
      "@douyinfe/semi-ui": "^2.50.1",
      "@lark-base-open/js-sdk": "^0.3.6",
      "axios": "^1.6.7"
    }
  }

yarn manifest: 
  No manifest

Lockfile: 
  # THIS IS AN AUTOGENERATED FILE. DO NOT EDIT THIS FILE DIRECTLY.
  # yarn lockfile v1
  
  
  "@ampproject/remapping@^2.2.0":
    "integrity" "sha512-30iZtAPgz+LTIYoeivqYo853f02jBYSd5uGnGpkFV0M3xOt9aN73erkgYAmZU43x4VfqcnLxW9Kpg3R5LC4YYw=="
    "resolved" "https://registry.npmjs.org/@ampproject/remapping/-/remapping-2.3.0.tgz"
    "version" "2.3.0"
    dependencies:
      "@jridgewell/gen-mapping" "^0.3.5"
      "@jridgewell/trace-mapping" "^0.3.24"
  
  "@babel/code-frame@^7.23.5":
    "integrity" "sha512-CgH3s1a96LipHCmSUmYFPwY7MNx8C3avkq7i4Wl3cfa662ldtUe4VM1TPXX70pfmrlWTb6jLqTYrZyT2ZTJBgA=="
    "resolved" "https://registry.npmjs.org/@babel/code-frame/-/code-frame-7.23.5.tgz"
    "version" "7.23.5"
    dependencies:
      "@babel/highlight" "^7.23.4"
      "chalk" "^2.4.2"
  
  "@babel/compat-data@^7.23.5":
    "integrity" "sha512-uU27kfDRlhfKl+w1U6vp16IuvSLtjAxdArVXPa9BvLkrr7CYIsxH5adpHObeAGY/41+syctUWOZ140a2Rvkgjw=="
    "resolved" "https://registry.npmjs.org/@babel/compat-data/-/compat-data-7.23.5.tgz"
    "version" "7.23.5"
  
  "@babel/core@^7.0.0", "@babel/core@^7.0.0-0", "@babel/core@^7.19.6":
    "integrity" "sha512-fQfkg0Gjkza3nf0c7/w6Xf34BW4YvzNfACRLmmb7XRLa6XHdR+K9AlJlxneFfWYf6uhOzuzZVTjF/8KfndZANw=="
    "resolved" "https://registry.npmjs.org/@babel/core/-/core-7.24.0.tgz"
    "version" "7.24.0"
    dependencies:
      "@ampproject/remapping" "^2.2.0"
      "@babel/code-frame" "^7.23.5"
      "@babel/generator" "^7.23.6"
      "@babel/helper-compilation-targets" "^7.23.6"
      "@babel/helper-module-transforms" "^7.23.3"
      "@babel/helpers" "^7.24.0"
      "@babel/parser" "^7.24.0"
      "@babel/template" "^7.24.0"
      "@babel/traverse" "^7.24.0"
      "@babel/types" "^7.24.0"
      "convert-source-map" "^2.0.0"
      "debug" "^4.1.0"
      "gensync" "^1.0.0-beta.2"
      "json5" "^2.2.3"
      "semver" "^6.3.1"
  
  "@babel/generator@^7.23.6":
    "integrity" "sha512-qrSfCYxYQB5owCmGLbl8XRpX1ytXlpueOb0N0UmQwA073KZxejgQTzAmJezxvpwQD9uGtK2shHdi55QT+MbjIw=="
    "resolved" "https://registry.npmjs.org/@babel/generator/-/generator-7.23.6.tgz"
    "version" "7.23.6"
    dependencies:
      "@babel/types" "^7.23.6"
      "@jridgewell/gen-mapping" "^0.3.2"
      "@jridgewell/trace-mapping" "^0.3.17"
      "jsesc" "^2.5.1"
  
  "@babel/helper-annotate-as-pure@^7.22.5":
    "integrity" "sha512-LvBTxu8bQSQkcyKOU+a1btnNFQ1dMAd0R6PyW3arXes06F6QLWLIrd681bxRPIXlrMGR3XYnW9JyML7dP3qgxg=="
    "resolved" "https://registry.npmjs.org/@babel/helper-annotate-as-pure/-/helper-annotate-as-pure-7.22.5.tgz"
    "version" "7.22.5"
    dependencies:
      "@babel/types" "^7.22.5"
  
  "@babel/helper-compilation-targets@^7.23.6":
    "integrity" "sha512-9JB548GZoQVmzrFgp8o7KxdgkTGm6xs9DW0o/Pim72UDjzr5ObUQ6ZzYPqA+g9OTS2bBQoctLJrky0RDCAWRgQ=="
    "resolved" "https://registry.npmjs.org/@babel/helper-compilation-targets/-/helper-compilation-targets-7.23.6.tgz"
    "version" "7.23.6"
    dependencies:
      "@babel/compat-data" "^7.23.5"
      "@babel/helper-validator-option" "^7.23.5"
      "browserslist" "^4.22.2"
      "lru-cache" "^5.1.1"
      "semver" "^6.3.1"
  
  "@babel/helper-environment-visitor@^7.22.20":
    "integrity" "sha512-zfedSIzFhat/gFhWfHtgWvlec0nqB9YEIVrpuwjruLlXfUSnA8cJB0miHKwqDnQ7d32aKo2xt88/xZptwxbfhA=="
    "resolved" "https://registry.npmjs.org/@babel/helper-environment-visitor/-/helper-environment-visitor-7.22.20.tgz"
    "version" "7.22.20"
  
  "@babel/helper-function-name@^7.23.0":
    "integrity" "sha512-OErEqsrxjZTJciZ4Oo+eoZqeW9UIiOcuYKRJA4ZAgV9myA+pOXhhmpfNCKjEH/auVfEYVFJ6y1Tc4r0eIApqiw=="
    "resolved" "https://registry.npmjs.org/@babel/helper-function-name/-/helper-function-name-7.23.0.tgz"
    "version" "7.23.0"
    dependencies:
      "@babel/template" "^7.22.15"
      "@babel/types" "^7.23.0"
  
  "@babel/helper-hoist-variables@^7.22.5":
    "integrity" "sha512-wGjk9QZVzvknA6yKIUURb8zY3grXCcOZt+/7Wcy8O2uctxhplmUPkOdlgoNhmdVee2c92JXbf1xpMtVNbfoxRw=="
    "resolved" "https://registry.npmjs.org/@babel/helper-hoist-variables/-/helper-hoist-variables-7.22.5.tgz"
    "version" "7.22.5"
    dependencies:
      "@babel/types" "^7.22.5"
  
  "@babel/helper-module-imports@^7.22.15":
    "integrity" "sha512-0pYVBnDKZO2fnSPCrgM/6WMc7eS20Fbok+0r88fp+YtWVLZrp4CkafFGIp+W0VKw4a22sgebPT99y+FDNMdP4w=="
    "resolved" "https://registry.npmjs.org/@babel/helper-module-imports/-/helper-module-imports-7.22.15.tgz"
    "version" "7.22.15"
    dependencies:
      "@babel/types" "^7.22.15"
  
  "@babel/helper-module-transforms@^7.23.3":
    "integrity" "sha512-7bBs4ED9OmswdfDzpz4MpWgSrV7FXlc3zIagvLFjS5H+Mk7Snr21vQ6QwrsoCGMfNC4e4LQPdoULEt4ykz0SRQ=="
    "resolved" "https://registry.npmjs.org/@babel/helper-module-transforms/-/helper-module-transforms-7.23.3.tgz"
    "version" "7.23.3"
    dependencies:
      "@babel/helper-environment-visitor" "^7.22.20"
      "@babel/helper-module-imports" "^7.22.15"
      "@babel/helper-simple-access" "^7.22.5"
      "@babel/helper-split-export-declaration" "^7.22.6"
      "@babel/helper-validator-identifier" "^7.22.20"
  
  "@babel/helper-plugin-utils@^7.22.5":
    "integrity" "sha512-9cUznXMG0+FxRuJfvL82QlTqIzhVW9sL0KjMPHhAOOvpQGL8QtdxnBKILjBqxlHyliz0yCa1G903ZXI/FuHy2w=="
    "resolved" "https://registry.npmjs.org/@babel/helper-plugin-utils/-/helper-plugin-utils-7.24.0.tgz"
    "version" "7.24.0"
  
  "@babel/helper-simple-access@^7.22.5":
    "integrity" "sha512-n0H99E/K+Bika3++WNL17POvo4rKWZ7lZEp1Q+fStVbUi8nxPQEBOlTmCOxW/0JsS56SKKQ+ojAe2pHKJHN35w=="
    "resolved" "https://registry.npmjs.org/@babel/helper-simple-access/-/helper-simple-access-7.22.5.tgz"
    "version" "7.22.5"
    dependencies:
      "@babel/types" "^7.22.5"
  
  "@babel/helper-split-export-declaration@^7.22.6":
    "integrity" "sha512-AsUnxuLhRYsisFiaJwvp1QF+I3KjD5FOxut14q/GzovUe6orHLesW2C7d754kRm53h5gqrz6sFl6sxc4BVtE/g=="
    "resolved" "https://registry.npmjs.org/@babel/helper-split-export-declaration/-/helper-split-export-declaration-7.22.6.tgz"
    "version" "7.22.6"
    dependencies:
      "@babel/types" "^7.22.5"
  
  "@babel/helper-string-parser@^7.23.4":
    "integrity" "sha512-803gmbQdqwdf4olxrX4AJyFBV/RTr3rSmOj0rKwesmzlfhYNDEs+/iOcznzpNWlJlIlTJC2QfPFcHB6DlzdVLQ=="
    "resolved" "https://registry.npmjs.org/@babel/helper-string-parser/-/helper-string-parser-7.23.4.tgz"
    "version" "7.23.4"
  
  "@babel/helper-validator-identifier@^7.22.20":
    "integrity" "sha512-Y4OZ+ytlatR8AI+8KZfKuL5urKp7qey08ha31L8b3BwewJAoJamTzyvxPR/5D+KkdJCGPq/+8TukHBlY10FX9A=="
    "resolved" "https://registry.npmjs.org/@babel/helper-validator-identifier/-/helper-validator-identifier-7.22.20.tgz"
    "version" "7.22.20"
  
  "@babel/helper-validator-option@^7.23.5":
    "integrity" "sha512-85ttAOMLsr53VgXkTbkx8oA6YTfT4q7/HzXSLEYmjcSTJPMPQtvq1BD79Byep5xMUYbGRzEpDsjUf3dyp54IKw=="
    "resolved" "https://registry.npmjs.org/@babel/helper-validator-option/-/helper-validator-option-7.23.5.tgz"
    "version" "7.23.5"
  
  "@babel/helpers@^7.24.0":
    "integrity" "sha512-ulDZdc0Aj5uLc5nETsa7EPx2L7rM0YJM8r7ck7U73AXi7qOV44IHHRAYZHY6iU1rr3C5N4NtTmMRUJP6kwCWeA=="
    "resolved" "https://registry.npmjs.org/@babel/helpers/-/helpers-7.24.0.tgz"
    "version" "7.24.0"
    dependencies:
      "@babel/template" "^7.24.0"
      "@babel/traverse" "^7.24.0"
      "@babel/types" "^7.24.0"
  
  "@babel/highlight@^7.23.4":
    "integrity" "sha512-acGdbYSfp2WheJoJm/EBBBLh/ID8KDc64ISZ9DYtBmC8/Q204PZJLHyzeB5qMzJ5trcOkybd78M4x2KWsUq++A=="
    "resolved" "https://registry.npmjs.org/@babel/highlight/-/highlight-7.23.4.tgz"
    "version" "7.23.4"
    dependencies:
      "@babel/helper-validator-identifier" "^7.22.20"
      "chalk" "^2.4.2"
      "js-tokens" "^4.0.0"
  
  "@babel/parser@^7.24.0":
    "integrity" "sha512-QuP/FxEAzMSjXygs8v4N9dvdXzEHN4W1oF3PxuWAtPo08UdM17u89RDMgjLn/mlc56iM0HlLmVkO/wgR+rDgHg=="
    "resolved" "https://registry.npmjs.org/@babel/parser/-/parser-7.24.0.tgz"
    "version" "7.24.0"
  
  "@babel/plugin-syntax-jsx@^7.23.3":
    "integrity" "sha512-EB2MELswq55OHUoRZLGg/zC7QWUKfNLpE57m/S2yr1uEneIgsTgrSzXP3NXEsMkVn76OlaVVnzN+ugObuYGwhg=="
    "resolved" "https://registry.npmjs.org/@babel/plugin-syntax-jsx/-/plugin-syntax-jsx-7.23.3.tgz"
    "version" "7.23.3"
    dependencies:
      "@babel/helper-plugin-utils" "^7.22.5"
  
  "@babel/plugin-transform-react-jsx-development@^7.18.6":
    "integrity" "sha512-bDhuzwWMuInwCYeDeMzyi7TaBgRQei6DqxhbyniL7/VG4RSS7HtSL2QbY4eESy1KJqlWt8g3xeEBGPuo+XqC8A=="
    "resolved" "https://registry.npmjs.org/@babel/plugin-transform-react-jsx-development/-/plugin-transform-react-jsx-development-7.22.5.tgz"
    "version" "7.22.5"
    dependencies:
      "@babel/plugin-transform-react-jsx" "^7.22.5"
  
  "@babel/plugin-transform-react-jsx-self@^7.18.6":
    "integrity" "sha512-qXRvbeKDSfwnlJnanVRp0SfuWE5DQhwQr5xtLBzp56Wabyo+4CMosF6Kfp+eOD/4FYpql64XVJ2W0pVLlJZxOQ=="
    "resolved" "https://registry.npmjs.org/@babel/plugin-transform-react-jsx-self/-/plugin-transform-react-jsx-self-7.23.3.tgz"
    "version" "7.23.3"
    dependencies:
      "@babel/helper-plugin-utils" "^7.22.5"
  
  "@babel/plugin-transform-react-jsx-source@^7.19.6":
    "integrity" "sha512-91RS0MDnAWDNvGC6Wio5XYkyWI39FMFO+JK9+4AlgaTH+yWwVTsw7/sn6LK0lH7c5F+TFkpv/3LfCJ1Ydwof/g=="
    "resolved" "https://registry.npmjs.org/@babel/plugin-transform-react-jsx-source/-/plugin-transform-react-jsx-source-7.23.3.tgz"
    "version" "7.23.3"
    dependencies:
      "@babel/helper-plugin-utils" "^7.22.5"
  
  "@babel/plugin-transform-react-jsx@^7.19.0", "@babel/plugin-transform-react-jsx@^7.22.5":
    "integrity" "sha512-5xOpoPguCZCRbo/JeHlloSkTA8Bld1J/E1/kLfD1nsuiW1m8tduTA1ERCgIZokDflX/IBzKcqR3l7VlRgiIfHA=="
    "resolved" "https://registry.npmjs.org/@babel/plugin-transform-react-jsx/-/plugin-transform-react-jsx-7.23.4.tgz"
    "version" "7.23.4"
    dependencies:
      "@babel/helper-annotate-as-pure" "^7.22.5"
      "@babel/helper-module-imports" "^7.22.15"
      "@babel/helper-plugin-utils" "^7.22.5"
      "@babel/plugin-syntax-jsx" "^7.23.3"
      "@babel/types" "^7.23.4"
  
  "@babel/runtime@^7.0.0", "@babel/runtime@^7.21.0":
    "integrity" "sha512-Chk32uHMg6TnQdvw2e9IlqPpFX/6NLuK0Ys2PqLb7/gL5uFn9mXvK715FGLlOLQrcO4qIkNHkvPGktzzXexsFw=="
    "resolved" "https://registry.npmjs.org/@babel/runtime/-/runtime-7.24.0.tgz"
    "version" "7.24.0"
    dependencies:
      "regenerator-runtime" "^0.14.0"
  
  "@babel/template@^7.22.15", "@babel/template@^7.24.0":
    "integrity" "sha512-Bkf2q8lMB0AFpX0NFEqSbx1OkTHf0f+0j82mkw+ZpzBnkk7e9Ql0891vlfgi+kHwOk8tQjiQHpqh4LaSa0fKEA=="
    "resolved" "https://registry.npmjs.org/@babel/template/-/template-7.24.0.tgz"
    "version" "7.24.0"
    dependencies:
      "@babel/code-frame" "^7.23.5"
      "@babel/parser" "^7.24.0"
      "@babel/types" "^7.24.0"
  
  "@babel/traverse@^7.24.0":
    "integrity" "sha512-HfuJlI8qq3dEDmNU5ChzzpZRWq+oxCZQyMzIMEqLho+AQnhMnKQUzH6ydo3RBl/YjPCuk68Y6s0Gx0AeyULiWw=="
    "resolved" "https://registry.npmjs.org/@babel/traverse/-/traverse-7.24.0.tgz"
    "version" "7.24.0"
    dependencies:
      "@babel/code-frame" "^7.23.5"
      "@babel/generator" "^7.23.6"
      "@babel/helper-environment-visitor" "^7.22.20"
      "@babel/helper-function-name" "^7.23.0"
      "@babel/helper-hoist-variables" "^7.22.5"
      "@babel/helper-split-export-declaration" "^7.22.6"
      "@babel/parser" "^7.24.0"
      "@babel/types" "^7.24.0"
      "debug" "^4.3.1"
      "globals" "^11.1.0"
  
  "@babel/types@^7.22.15", "@babel/types@^7.22.5", "@babel/types@^7.23.0", "@babel/types@^7.23.4", "@babel/types@^7.23.6", "@babel/types@^7.24.0":
    "integrity" "sha512-+j7a5c253RfKh8iABBhywc8NSfP5LURe7Uh4qpsh6jc+aLJguvmIUBdjSdEMQv2bENrCR5MfRdjGo7vzS/ob7w=="
    "resolved" "https://registry.npmjs.org/@babel/types/-/types-7.24.0.tgz"
    "version" "7.24.0"
    dependencies:
      "@babel/helper-string-parser" "^7.23.4"
      "@babel/helper-validator-identifier" "^7.22.20"
      "to-fast-properties" "^2.0.0"
  
  "@dnd-kit/accessibility@^3.1.0":
    "integrity" "sha512-ea7IkhKvlJUv9iSHJOnxinBcoOI3ppGnnL+VDJ75O45Nss6HtZd8IdN8touXPDtASfeI2T2LImb8VOZcL47wjQ=="
    "resolved" "https://registry.npmjs.org/@dnd-kit/accessibility/-/accessibility-3.1.0.tgz"
    "version" "3.1.0"
    dependencies:
      "tslib" "^2.0.0"
  
  "@dnd-kit/core@^6.0.7", "@dnd-kit/core@^6.0.8":
    "integrity" "sha512-J3cQBClB4TVxwGo3KEjssGEXNJqGVWx17aRTZ1ob0FliR5IjYgTxl5YJbKTzA6IzrtelotH19v6y7uoIRUZPSg=="
    "resolved" "https://registry.npmjs.org/@dnd-kit/core/-/core-6.1.0.tgz"
    "version" "6.1.0"
    dependencies:
      "@dnd-kit/accessibility" "^3.1.0"
      "@dnd-kit/utilities" "^3.2.2"
      "tslib" "^2.0.0"
  
  "@dnd-kit/sortable@^7.0.2":
    "integrity" "sha512-wDkBHHf9iCi1veM834Gbk1429bd4lHX4RpAwT0y2cHLf246GAvU2sVw/oxWNpPKQNQRQaeGXhAVgrOl1IT+iyA=="
    "resolved" "https://registry.npmjs.org/@dnd-kit/sortable/-/sortable-7.0.2.tgz"
    "version" "7.0.2"
    dependencies:
      "@dnd-kit/utilities" "^3.2.0"
      "tslib" "^2.0.0"
  
  "@dnd-kit/utilities@^3.2.0", "@dnd-kit/utilities@^3.2.1", "@dnd-kit/utilities@^3.2.2":
    "integrity" "sha512-+MKAJEOfaBe5SmV6t34p80MMKhjvUz0vRrvVJbPT0WElzaOJ/1xs+D+KDv+tD/NE5ujfrChEcshd4fLn0wpiqg=="
    "resolved" "https://registry.npmjs.org/@dnd-kit/utilities/-/utilities-3.2.2.tgz"
    "version" "3.2.2"
    dependencies:
      "tslib" "^2.0.0"
  
  "@douyinfe/semi-animation-react@2.53.2":
    "integrity" "sha512-lRJkdoK/FAA5hfmb+ePUP4QCJWgA5wwSNgvNHBplgl1Mhzc2vIGcrpWNPIDb6Zfx/jD/vnjggIjipQfKasvqsQ=="
    "resolved" "https://registry.npmjs.org/@douyinfe/semi-animation-react/-/semi-animation-react-2.53.2.tgz"
    "version" "2.53.2"
    dependencies:
      "@douyinfe/semi-animation" "2.53.2"
      "@douyinfe/semi-animation-styled" "2.53.2"
      "classnames" "^2.2.6"
  
  "@douyinfe/semi-animation-styled@2.53.2":
    "integrity" "sha512-hszJo3oRzngK9mvin6iHMzn5nPC6/x4XIIi4deojlhFCWGM54PW9OEmf/Cf0ztGM3z1hEIyaHOX70gb1m45A+Q=="
    "resolved" "https://registry.npmjs.org/@douyinfe/semi-animation-styled/-/semi-animation-styled-2.53.2.tgz"
    "version" "2.53.2"
  
  "@douyinfe/semi-animation@2.53.2":
    "integrity" "sha512-T965+DlxXGh60sAnDW2G6zZH2J7Hr7vLNivlUvGLD/f8UAWPAr7xpgWWmgNHeUoUIJO/Rh2L1TGV8XeQDU48RQ=="
    "resolved" "https://registry.npmjs.org/@douyinfe/semi-animation/-/semi-animation-2.53.2.tgz"
    "version" "2.53.2"
    dependencies:
      "bezier-easing" "^2.1.0"
  
  "@douyinfe/semi-foundation@2.53.2":
    "integrity" "sha512-8/zMDbr9UvKzGE7IhBHVY4u6tfjwzcoQlG1fawjD51qCDshntEZtgU/P6SfHYejZwezBsVSIRCThP7hnZTpJkw=="
    "resolved" "https://registry.npmjs.org/@douyinfe/semi-foundation/-/semi-foundation-2.53.2.tgz"
    "version" "2.53.2"
    dependencies:
      "@douyinfe/semi-animation" "2.53.2"
      "async-validator" "^3.5.0"
      "classnames" "^2.2.6"
      "date-fns" "^2.29.3"
      "date-fns-tz" "^1.3.8"
      "fast-copy" "^3.0.1 "
      "lodash" "^4.17.21"
      "memoize-one" "^5.2.1"
      "scroll-into-view-if-needed" "^2.2.24"
  
  "@douyinfe/semi-icons-lab@^2.50.1":
    "integrity" "sha512-GOjdDVO8lklVUaoL0dAMviooXwvxJMnSfjdKUxAokQfjPSXLX727YEbF6UnXsuRUad1qxKRgNe4Vny9oC/viig=="
    "resolved" "https://registry.npmjs.org/@douyinfe/semi-icons-lab/-/semi-icons-lab-2.53.2.tgz"
    "version" "2.53.2"
  
  "@douyinfe/semi-icons@2.53.2":
    "integrity" "sha512-ZIxNBrZn3tAd347f3FbcvQSJpr5oX7b/BoUTGK16Mkguqp6Kd9gzWTURixRxIfBaCkZ5ftvS+m9x1jSx6RnkkA=="
    "resolved" "https://registry.npmjs.org/@douyinfe/semi-icons/-/semi-icons-2.53.2.tgz"
    "version" "2.53.2"
    dependencies:
      "classnames" "^2.2.6"
  
  "@douyinfe/semi-illustrations@2.53.2":
    "integrity" "sha512-vYgt4eQcnYCPWgJQg7QUIrz2teKoZ3Iwg/rLcpgL6NT4YKY7TDNeUN1ROwO1FpGqaBv2Mcfcr5BNo1siOJDIdg=="
    "resolved" "https://registry.npmjs.org/@douyinfe/semi-illustrations/-/semi-illustrations-2.53.2.tgz"
    "version" "2.53.2"
  
  "@douyinfe/semi-theme-default@2.53.2":
    "integrity" "sha512-2RhUGg3T6wmNicRpfDo/SNHuq3jqNKk/FjSMtquM2S/q/L1DPa6ONrjPfED0vsD/uMHCfrJmH38tjT2OnxmKEA=="
    "resolved" "https://registry.npmjs.org/@douyinfe/semi-theme-default/-/semi-theme-default-2.53.2.tgz"
    "version" "2.53.2"
    dependencies:
      "glob" "^7.1.6"
  
  "@douyinfe/semi-ui@^2.50.1":
    "integrity" "sha512-JS+H869MeF+lKXxzNcmWmx26em+8jPq1eUyevojt0Q36juAA0F4cDQpQ3Juv0cplkFHB92ScieadFUkwyZub4g=="
    "resolved" "https://registry.npmjs.org/@douyinfe/semi-ui/-/semi-ui-2.53.2.tgz"
    "version" "2.53.2"
    dependencies:
      "@dnd-kit/core" "^6.0.8"
      "@dnd-kit/sortable" "^7.0.2"
      "@dnd-kit/utilities" "^3.2.1"
      "@douyinfe/semi-animation" "2.53.2"
      "@douyinfe/semi-animation-react" "2.53.2"
      "@douyinfe/semi-foundation" "2.53.2"
      "@douyinfe/semi-icons" "2.53.2"
      "@douyinfe/semi-illustrations" "2.53.2"
      "@douyinfe/semi-theme-default" "2.53.2"
      "async-validator" "^3.5.0"
      "classnames" "^2.2.6"
      "copy-text-to-clipboard" "^2.1.1"
      "date-fns" "^2.29.3"
      "date-fns-tz" "^1.3.8"
      "fast-copy" "^3.0.1 "
      "lodash" "^4.17.21"
      "prop-types" "^15.7.2"
      "react-resizable" "^3.0.5"
      "react-window" "^1.8.2"
      "scroll-into-view-if-needed" "^2.2.24"
      "utility-types" "^3.10.0"
  
  "@jridgewell/gen-mapping@^0.3.2", "@jridgewell/gen-mapping@^0.3.5":
    "integrity" "sha512-IzL8ZoEDIBRWEzlCcRhOaCupYyN5gdIK+Q6fbFdPDg6HqX6jpkItn7DFIpW9LQzXG6Df9sA7+OKnq0qlz/GaQg=="
    "resolved" "https://registry.npmjs.org/@jridgewell/gen-mapping/-/gen-mapping-0.3.5.tgz"
    "version" "0.3.5"
    dependencies:
      "@jridgewell/set-array" "^1.2.1"
      "@jridgewell/sourcemap-codec" "^1.4.10"
      "@jridgewell/trace-mapping" "^0.3.24"
  
  "@jridgewell/resolve-uri@^3.1.0":
    "integrity" "sha512-bRISgCIjP20/tbWSPWMEi54QVPRZExkuD9lJL+UIxUKtwVJA8wW1Trb1jMs1RFXo1CBTNZ/5hpC9QvmKWdopKw=="
    "resolved" "https://registry.npmjs.org/@jridgewell/resolve-uri/-/resolve-uri-3.1.2.tgz"
    "version" "3.1.2"
  
  "@jridgewell/set-array@^1.2.1":
    "integrity" "sha512-R8gLRTZeyp03ymzP/6Lil/28tGeGEzhx1q2k703KGWRAI1VdvPIXdG70VJc2pAMw3NA6JKL5hhFu1sJX0Mnn/A=="
    "resolved" "https://registry.npmjs.org/@jridgewell/set-array/-/set-array-1.2.1.tgz"
    "version" "1.2.1"
  
  "@jridgewell/sourcemap-codec@^1.4.10", "@jridgewell/sourcemap-codec@^1.4.14":
    "integrity" "sha512-eF2rxCRulEKXHTRiDrDy6erMYWqNw4LPdQ8UQA4huuxaQsVeRPFl2oM8oDGxMFhJUWZf9McpLtJasDDZb/Bpeg=="
    "resolved" "https://registry.npmjs.org/@jridgewell/sourcemap-codec/-/sourcemap-codec-1.4.15.tgz"
    "version" "1.4.15"
  
  "@jridgewell/trace-mapping@^0.3.17", "@jridgewell/trace-mapping@^0.3.24":
    "integrity" "sha512-vNk6aEwybGtawWmy/PzwnGDOjCkLWSD2wqvjGGAgOAwCGWySYXfYoxt00IJkTF+8Lb57DwOb3Aa0o9CApepiYQ=="
    "resolved" "https://registry.npmjs.org/@jridgewell/trace-mapping/-/trace-mapping-0.3.25.tgz"
    "version" "0.3.25"
    dependencies:
      "@jridgewell/resolve-uri" "^3.1.0"
      "@jridgewell/sourcemap-codec" "^1.4.14"
  
  "@lark-base-open/js-sdk@^0.3.6":
    "integrity" "sha512-Xsag5kNCIXkq8UxGnlpchwuxay85s/Zd25NvYVoNrqJSHHohuqv4e4X75FzGcc5m+LEv9Pe6gDr32G+U2l01Lg=="
    "resolved" "https://registry.npmjs.org/@lark-base-open/js-sdk/-/js-sdk-0.3.8.tgz"
    "version" "0.3.8"
  
  "@types/prop-types@*":
    "integrity" "sha512-ga8y9v9uyeiLdpKddhxYQkxNDrfvuPrlFb0N1qnZZByvcElJaXthF1UhvCh9TLWJBEHeNtdnbysW7Y6Uq8CVng=="
    "resolved" "https://registry.npmjs.org/@types/prop-types/-/prop-types-15.7.11.tgz"
    "version" "15.7.11"
  
  "@types/react-dom@^18.0.6":
    "integrity" "sha512-aZvQL6uUbIJpjZk4U8JZGbau9KDeAwMfmhyWorxgBkqDIEf6ROjRozcmPIicqsUwPUjbkDfHKgGee1Lq65APcA=="
    "resolved" "https://registry.npmjs.org/@types/react-dom/-/react-dom-18.2.19.tgz"
    "version" "18.2.19"
    dependencies:
      "@types/react" "*"
  
  "@types/react@*", "@types/react@^18.0.15":
    "integrity" "sha512-l3f57BbaEKP0xcFzf+5qRG8/PXykZiuVM6eEoPtqBPCp6dxO3HhDkLIgIyXPhPKNAeXn3KO2pEaNgzaEo/asaw=="
    "resolved" "https://registry.npmjs.org/@types/react/-/react-18.2.62.tgz"
    "version" "18.2.62"
    dependencies:
      "@types/prop-types" "*"
      "@types/scheduler" "*"
      "csstype" "^3.0.2"
  
  "@types/scheduler@*":
    "integrity" "sha512-WZLiwShhwLRmeV6zH+GkbOFT6Z6VklCItrDioxUnv+u4Ll+8vKeFySoFyK/0ctcRpOmwAicELfmys1sDc/Rw+A=="
    "resolved" "https://registry.npmjs.org/@types/scheduler/-/scheduler-0.16.8.tgz"
    "version" "0.16.8"
  
  "@vitejs/plugin-react@^2.0.0":
    "integrity" "sha512-FFpefhvExd1toVRlokZgxgy2JtnBOdp4ZDsq7ldCWaqGSGn9UhWMAVm/1lxPL14JfNS5yGz+s9yFrQY6shoStA=="
    "resolved" "https://registry.npmjs.org/@vitejs/plugin-react/-/plugin-react-2.2.0.tgz"
    "version" "2.2.0"
    dependencies:
      "@babel/core" "^7.19.6"
      "@babel/plugin-transform-react-jsx" "^7.19.0"
      "@babel/plugin-transform-react-jsx-development" "^7.18.6"
      "@babel/plugin-transform-react-jsx-self" "^7.18.6"
      "@babel/plugin-transform-react-jsx-source" "^7.19.6"
      "magic-string" "^0.26.7"
      "react-refresh" "^0.14.0"
  
  "ansi-styles@^3.2.1":
    "integrity" "sha512-VT0ZI6kZRdTh8YyJw3SMbYm/u+NqfsAxEpWO0Pf9sq8/e94WxxOpPKx9FR1FlyCtOVDNOQ+8ntlqFxiRc+r5qA=="
    "resolved" "https://registry.npmjs.org/ansi-styles/-/ansi-styles-3.2.1.tgz"
    "version" "3.2.1"
    dependencies:
      "color-convert" "^1.9.0"
  
  "async-validator@^3.5.0":
    "integrity" "sha512-8eLCg00W9pIRZSB781UUX/H6Oskmm8xloZfr09lz5bikRpBVDlJ3hRVuxxP1SxcwsEYfJ4IU8Q19Y8/893r3rQ=="
    "resolved" "https://registry.npmjs.org/async-validator/-/async-validator-3.5.2.tgz"
    "version" "3.5.2"
  
  "asynckit@^0.4.0":
    "integrity" "sha512-Oei9OH4tRh0YqU3GxhX79dM/mwVgvbZJaSNaRk+bshkj0S5cfHcgYakreBjrHwatXKbz+IoIdYLxrKim2MjW0Q=="
    "resolved" "https://registry.npmjs.org/asynckit/-/asynckit-0.4.0.tgz"
    "version" "0.4.0"
  
  "axios@^1.6.7":
    "integrity" "sha512-/hDJGff6/c7u0hDkvkGxR/oy6CbCs8ziCsC7SqmhjfozqiJGc8Z11wrv9z9lYfY4K8l+H9TpjcMDX0xOZmx+RA=="
    "resolved" "https://registry.npmjs.org/axios/-/axios-1.6.7.tgz"
    "version" "1.6.7"
    dependencies:
      "follow-redirects" "^1.15.4"
      "form-data" "^4.0.0"
      "proxy-from-env" "^1.1.0"
  
  "balanced-match@^1.0.0":
    "integrity" "sha512-3oSeUO0TMV67hN1AmbXsK4yaqU7tjiHlbxRDZOpH0KW9+CeX4bRAaX0Anxt0tx2MrpRpWwQaPwIlISEJhYU5Pw=="
    "resolved" "https://registry.npmjs.org/balanced-match/-/balanced-match-1.0.2.tgz"
    "version" "1.0.2"
  
  "bezier-easing@^2.1.0":
    "integrity" "sha512-gbIqZ/eslnUFC1tjEvtz0sgx+xTK20wDnYMIA27VA04R7w6xxXQPZDbibjA9DTWZRA2CXtwHykkVzlCaAJAZig=="
    "resolved" "https://registry.npmjs.org/bezier-easing/-/bezier-easing-2.1.0.tgz"
    "version" "2.1.0"
  
  "brace-expansion@^1.1.7":
    "integrity" "sha512-iCuPHDFgrHX7H2vEI/5xpz07zSHB00TpugqhmYtVmMO6518mCuRMoOYFldEBl0g187ufozdaHgWKcYFb61qGiA=="
    "resolved" "https://registry.npmjs.org/brace-expansion/-/brace-expansion-1.1.11.tgz"
    "version" "1.1.11"
    dependencies:
      "balanced-match" "^1.0.0"
      "concat-map" "0.0.1"
  
  "browserslist@^4.22.2", "browserslist@>= 4.21.0":
    "integrity" "sha512-QW8HiM1shhT2GuzkvklfjcKDiWFXHOeFCIA/huJPwHsslwcydgk7X+z2zXpEijP98UCY7HbubZt5J2Zgvf0CaQ=="
    "resolved" "https://registry.npmjs.org/browserslist/-/browserslist-4.23.0.tgz"
    "version" "4.23.0"
    dependencies:
      "caniuse-lite" "^1.0.30001587"
      "electron-to-chromium" "^1.4.668"
      "node-releases" "^2.0.14"
      "update-browserslist-db" "^1.0.13"
  
  "caniuse-lite@^1.0.30001587":
    "integrity" "sha512-VblSX6nYqyJVs8DKFMldE2IVCJjZ225LW00ydtUWwh5hk9IfkTOffO6r8gJNsH0qqqeAF8KrbMYA2VEwTlGW5g=="
    "resolved" "https://registry.npmjs.org/caniuse-lite/-/caniuse-lite-1.0.30001594.tgz"
    "version" "1.0.30001594"
  
  "chalk@^2.4.2":
    "integrity" "sha512-Mti+f9lpJNcwF4tWV8/OrTTtF1gZi+f8FqlyAdouralcFWFQWF2+NgCHShjkCb+IFBLq9buZwE1xckQU4peSuQ=="
    "resolved" "https://registry.npmjs.org/chalk/-/chalk-2.4.2.tgz"
    "version" "2.4.2"
    dependencies:
      "ansi-styles" "^3.2.1"
      "escape-string-regexp" "^1.0.5"
      "supports-color" "^5.3.0"
  
  "classnames@^2.2.6":
    "integrity" "sha512-saHYOzhIQs6wy2sVxTM6bUDsQO4F50V9RQ22qBpEdCW+I+/Wmke2HOl6lS6dTpdxVhb88/I6+Hs+438c3lfUow=="
    "resolved" "https://registry.npmjs.org/classnames/-/classnames-2.5.1.tgz"
    "version" "2.5.1"
  
  "clsx@^1.1.1":
    "integrity" "sha512-EcR6r5a8bj6pu3ycsa/E/cKVGuTgZJZdsyUYHOksG/UHIiKfjxzRxYJpyVBwYaQeOvghal9fcc4PidlgzugAQg=="
    "resolved" "https://registry.npmjs.org/clsx/-/clsx-1.2.1.tgz"
    "version" "1.2.1"
  
  "color-convert@^1.9.0":
    "integrity" "sha512-QfAUtd+vFdAtFQcC8CCyYt1fYWxSqAiK2cSD6zDB8N3cpsEBAvRxp9zOGg6G/SHHJYAT88/az/IuDGALsNVbGg=="
    "resolved" "https://registry.npmjs.org/color-convert/-/color-convert-1.9.3.tgz"
    "version" "1.9.3"
    dependencies:
      "color-name" "1.1.3"
  
  "color-name@1.1.3":
    "integrity" "sha512-72fSenhMw2HZMTVHeCA9KCmpEIbzWiQsjN+BHcBbS9vr1mtt+vJjPdksIBNUmKAW8TFUDPJK5SUU3QhE9NEXDw=="
    "resolved" "https://registry.npmjs.org/color-name/-/color-name-1.1.3.tgz"
    "version" "1.1.3"
  
  "combined-stream@^1.0.8":
    "integrity" "sha512-FQN4MRfuJeHf7cBbBMJFXhKSDq+2kAArBlmRBvcvFE5BB1HZKXtSFASDhdlz9zOYwxh8lDdnvmMOe/+5cdoEdg=="
    "resolved" "https://registry.npmjs.org/combined-stream/-/combined-stream-1.0.8.tgz"
    "version" "1.0.8"
    dependencies:
      "delayed-stream" "~1.0.0"
  
  "compute-scroll-into-view@^1.0.20":
    "integrity" "sha512-UCB0ioiyj8CRjtrvaceBLqqhZCVP+1B8+NWQhmdsm0VXOJtobBCf1dBQmebCCo34qZmUwZfIH2MZLqNHazrfjg=="
    "resolved" "https://registry.npmjs.org/compute-scroll-into-view/-/compute-scroll-into-view-1.0.20.tgz"
    "version" "1.0.20"
  
  "concat-map@0.0.1":
    "integrity" "sha512-/Srv4dswyQNBfohGpz9o6Yb3Gz3SrUDqBH5rTuhGR7ahtlbYKnVxw2bCFMRljaA7EXHaXZ8wsHdodFvbkhKmqg=="
    "resolved" "https://registry.npmjs.org/concat-map/-/concat-map-0.0.1.tgz"
    "version" "0.0.1"
  
  "convert-source-map@^2.0.0":
    "integrity" "sha512-Kvp459HrV2FEJ1CAsi1Ku+MY3kasH19TFykTz2xWmMeq6bk2NU3XXvfJ+Q61m0xktWwt+1HSYf3JZsTms3aRJg=="
    "resolved" "https://registry.npmjs.org/convert-source-map/-/convert-source-map-2.0.0.tgz"
    "version" "2.0.0"
  
  "copy-text-to-clipboard@^2.1.1":
    "integrity" "sha512-WRvoIdnTs1rgPMkgA2pUOa/M4Enh2uzCwdKsOMYNAJiz/4ZvEJgmbF4OmninPmlFdAWisfeh0tH+Cpf7ni3RqQ=="
    "resolved" "https://registry.npmjs.org/copy-text-to-clipboard/-/copy-text-to-clipboard-2.2.0.tgz"
    "version" "2.2.0"
  
  "csstype@^3.0.2":
    "integrity" "sha512-M1uQkMl8rQK/szD0LNhtqxIPLpimGm8sOBwU7lLnCpSbTyY3yeU1Vc7l4KT5zT4s/yOxHH5O7tIuuLOCnLADRw=="
    "resolved" "https://registry.npmjs.org/csstype/-/csstype-3.1.3.tgz"
    "version" "3.1.3"
  
  "date-fns-tz@^1.3.8":
    "integrity" "sha512-qwNXUFtMHTTU6CFSFjoJ80W8Fzzp24LntbjFFBgL/faqds4e5mo9mftoRLgr3Vi1trISsg4awSpYVsOQCRnapQ=="
    "resolved" "https://registry.npmjs.org/date-fns-tz/-/date-fns-tz-1.3.8.tgz"
    "version" "1.3.8"
  
  "date-fns@^2.29.3", "date-fns@>=2.0.0":
    "integrity" "sha512-fnULvOpxnC5/Vg3NCiWelDsLiUc9bRwAPs/+LfTLNvetFCtCTN+yQz15C/fs4AwX1R9K5GLtLfn8QW+dWisaAw=="
    "resolved" "https://registry.npmjs.org/date-fns/-/date-fns-2.30.0.tgz"
    "version" "2.30.0"
    dependencies:
      "@babel/runtime" "^7.21.0"
  
  "debug@^4.1.0", "debug@^4.3.1":
    "integrity" "sha512-PRWFHuSU3eDtQJPvnNY7Jcket1j0t5OuOsFzPPzsekD52Zl8qUfFIPEiswXqIvHWGVHOgX+7G/vCNNhehwxfkQ=="
    "resolved" "https://registry.npmjs.org/debug/-/debug-4.3.4.tgz"
    "version" "4.3.4"
    dependencies:
      "ms" "2.1.2"
  
  "delayed-stream@~1.0.0":
    "integrity" "sha512-ZySD7Nf91aLB0RxL4KGrKHBXl7Eds1DAmEdcoVawXnLD7SDhpNgtuII2aAkg7a7QS41jxPSZ17p4VdGnMHk3MQ=="
    "resolved" "https://registry.npmjs.org/delayed-stream/-/delayed-stream-1.0.0.tgz"
    "version" "1.0.0"
  
  "electron-to-chromium@^1.4.668":
    "integrity" "sha512-d5rZRka9n2Y3MkWRN74IoAsxR0HK3yaAt7T50e3iT9VZmCCQDT3geXUO5ZRMhDToa1pkCeQXuNo+0g+NfDOVPA=="
    "resolved" "https://registry.npmjs.org/electron-to-chromium/-/electron-to-chromium-1.4.692.tgz"
    "version" "1.4.692"
  
  "esbuild-linux-64@0.15.18":
    "integrity" "sha512-hNSeP97IviD7oxLKFuii5sDPJ+QHeiFTFLoLm7NZQligur8poNOWGIgpQ7Qf8Balb69hptMZzyOBIPtY09GZYw=="
    "resolved" "https://registry.npmjs.org/esbuild-linux-64/-/esbuild-linux-64-0.15.18.tgz"
    "version" "0.15.18"
  
  "esbuild@^0.15.9":
    "integrity" "sha512-x/R72SmW3sSFRm5zrrIjAhCeQSAWoni3CmHEqfQrZIQTM3lVCdehdwuIqaOtfC2slvpdlLa62GYoN8SxT23m6Q=="
    "resolved" "https://registry.npmjs.org/esbuild/-/esbuild-0.15.18.tgz"
    "version" "0.15.18"
    optionalDependencies:
      "@esbuild/android-arm" "0.15.18"
      "@esbuild/linux-loong64" "0.15.18"
      "esbuild-android-64" "0.15.18"
      "esbuild-android-arm64" "0.15.18"
      "esbuild-darwin-64" "0.15.18"
      "esbuild-darwin-arm64" "0.15.18"
      "esbuild-freebsd-64" "0.15.18"
      "esbuild-freebsd-arm64" "0.15.18"
      "esbuild-linux-32" "0.15.18"
      "esbuild-linux-64" "0.15.18"
      "esbuild-linux-arm" "0.15.18"
      "esbuild-linux-arm64" "0.15.18"
      "esbuild-linux-mips64le" "0.15.18"
      "esbuild-linux-ppc64le" "0.15.18"
      "esbuild-linux-riscv64" "0.15.18"
      "esbuild-linux-s390x" "0.15.18"
      "esbuild-netbsd-64" "0.15.18"
      "esbuild-openbsd-64" "0.15.18"
      "esbuild-sunos-64" "0.15.18"
      "esbuild-windows-32" "0.15.18"
      "esbuild-windows-64" "0.15.18"
      "esbuild-windows-arm64" "0.15.18"
  
  "escalade@^3.1.1":
    "integrity" "sha512-ErCHMCae19vR8vQGe50xIsVomy19rg6gFu3+r3jkEO46suLMWBksvVyoGgQV+jOfl84ZSOSlmv6Gxa89PmTGmA=="
    "resolved" "https://registry.npmjs.org/escalade/-/escalade-3.1.2.tgz"
    "version" "3.1.2"
  
  "escape-string-regexp@^1.0.5":
    "integrity" "sha512-vbRorB5FUQWvla16U8R/qgaFIya2qGzwDrNmCZuYKrbdSUMG6I1ZCGQRefkRVhuOkIGVne7BQ35DSfo1qvJqFg=="
    "resolved" "https://registry.npmjs.org/escape-string-regexp/-/escape-string-regexp-1.0.5.tgz"
    "version" "1.0.5"
  
  "fast-copy@^3.0.1 ":
    "integrity" "sha512-Knr7NOtK3HWRYGtHoJrjkaWepqT8thIVGAwt0p0aUs1zqkAzXZV4vo9fFNwyb5fcqK1GKYFYxldQdIDVKhUAfA=="
    "resolved" "https://registry.npmjs.org/fast-copy/-/fast-copy-3.0.1.tgz"
    "version" "3.0.1"
  
  "follow-redirects@^1.15.4":
    "integrity" "sha512-vSFWUON1B+yAw1VN4xMfxgn5fTUiaOzAJCKBwIIgT/+7CuGy9+r+5gITvP62j3RmaD5Ph65UaERdOSRGUzZtgw=="
    "resolved" "https://registry.npmjs.org/follow-redirects/-/follow-redirects-1.15.5.tgz"
    "version" "1.15.5"
  
  "form-data@^4.0.0":
    "integrity" "sha512-ETEklSGi5t0QMZuiXoA/Q6vcnxcLQP5vdugSpuAyi6SVGi2clPPp+xgEhuMaHC+zGgn31Kd235W35f7Hykkaww=="
    "resolved" "https://registry.npmjs.org/form-data/-/form-data-4.0.0.tgz"
    "version" "4.0.0"
    dependencies:
      "asynckit" "^0.4.0"
      "combined-stream" "^1.0.8"
      "mime-types" "^2.1.12"
  
  "fs.realpath@^1.0.0":
    "integrity" "sha512-OO0pH2lK6a0hZnAdau5ItzHPI6pUlvI7jMVnxUQRtw4owF2wk8lOSabtGDCTP4Ggrg2MbGnWO9X8K1t4+fGMDw=="
    "resolved" "https://registry.npmjs.org/fs.realpath/-/fs.realpath-1.0.0.tgz"
    "version" "1.0.0"
  
  "function-bind@^1.1.2":
    "integrity" "sha512-7XHNxH7qX9xG5mIwxkhumTox/MIRNcOgDrxWsMt2pAr23WHp6MrRlN7FBSFpCpr+oVO0F744iUgR82nJMfG2SA=="
    "resolved" "https://registry.npmjs.org/function-bind/-/function-bind-1.1.2.tgz"
    "version" "1.1.2"
  
  "gensync@^1.0.0-beta.2":
    "integrity" "sha512-3hN7NaskYvMDLQY55gnW3NQ+mesEAepTqlg+VEbj7zzqEMBVNhzcGYYeqFo/TlYz6eQiFcp1HcsCZO+nGgS8zg=="
    "resolved" "https://registry.npmjs.org/gensync/-/gensync-1.0.0-beta.2.tgz"
    "version" "1.0.0-beta.2"
  
  "glob@^7.1.6":
    "integrity" "sha512-nFR0zLpU2YCaRxwoCJvL6UvCH2JFyFVIvwTLsIf21AuHlMskA1hhTdk+LlYJtOlYt9v6dvszD2BGRqBL+iQK9Q=="
    "resolved" "https://registry.npmjs.org/glob/-/glob-7.2.3.tgz"
    "version" "7.2.3"
    dependencies:
      "fs.realpath" "^1.0.0"
      "inflight" "^1.0.4"
      "inherits" "2"
      "minimatch" "^3.1.1"
      "once" "^1.3.0"
      "path-is-absolute" "^1.0.0"
  
  "globals@^11.1.0":
    "integrity" "sha512-WOBp/EEGUiIsJSp7wcv/y6MO+lV9UoncWqxuFfm8eBwzWNgyfBd6Gz+IeKQ9jCmyhoH99g15M3T+QaVHFjizVA=="
    "resolved" "https://registry.npmjs.org/globals/-/globals-11.12.0.tgz"
    "version" "11.12.0"
  
  "has-flag@^3.0.0":
    "integrity" "sha512-sKJf1+ceQBr4SMkvQnBDNDtf4TXpVhVGateu0t918bl30FnbE2m4vNLX+VWe/dpjlb+HugGYzW7uQXH98HPEYw=="
    "resolved" "https://registry.npmjs.org/has-flag/-/has-flag-3.0.0.tgz"
    "version" "3.0.0"
  
  "hasown@^2.0.0":
    "integrity" "sha512-1/th4MHjnwncwXsIW6QMzlvYL9kG5e/CpVvLRZe4XPa8TOUNbCELqmvhDmnkNsAjwaG4+I8gJJL0JBvTTLO9qA=="
    "resolved" "https://registry.npmjs.org/hasown/-/hasown-2.0.1.tgz"
    "version" "2.0.1"
    dependencies:
      "function-bind" "^1.1.2"
  
  "inflight@^1.0.4":
    "integrity" "sha512-k92I/b08q4wvFscXCLvqfsHCrjrF7yiXsQuIVvVE7N82W3+aqpzuUdBbfhWcy/FZR3/4IgflMgKLOsvPDrGCJA=="
    "resolved" "https://registry.npmjs.org/inflight/-/inflight-1.0.6.tgz"
    "version" "1.0.6"
    dependencies:
      "once" "^1.3.0"
      "wrappy" "1"
  
  "inherits@2":
    "integrity" "sha512-k/vGaX4/Yla3WzyMCvTQOXYeIHvqOKtnqBduzTHpzpQZzAskKMhZ2K+EnBiSM9zGSoIFeMpXKxa4dYeZIQqewQ=="
    "resolved" "https://registry.npmjs.org/inherits/-/inherits-2.0.4.tgz"
    "version" "2.0.4"
  
  "is-core-module@^2.13.0":
    "integrity" "sha512-hHrIjvZsftOsvKSn2TRYl63zvxsgE0K+0mYMoH6gD4omR5IWB2KynivBQczo3+wF1cCkjzvptnI9Q0sPU66ilw=="
    "resolved" "https://registry.npmjs.org/is-core-module/-/is-core-module-2.13.1.tgz"
    "version" "2.13.1"
    dependencies:
      "hasown" "^2.0.0"
  
  "js-tokens@^3.0.0 || ^4.0.0", "js-tokens@^4.0.0":
    "integrity" "sha512-RdJUflcE3cUzKiMqQgsCu06FPu9UdIJO0beYbPhHN4k6apgJtifcoCtT9bcxOpYBtpD2kCM6Sbzg4CausW/PKQ=="
    "resolved" "https://registry.npmjs.org/js-tokens/-/js-tokens-4.0.0.tgz"
    "version" "4.0.0"
  
  "jsesc@^2.5.1":
    "integrity" "sha512-OYu7XEzjkCQ3C5Ps3QIZsQfNpqoJyZZA99wd9aWd05NCtC5pWOkShK2mkL6HXQR6/Cy2lbNdPlZBpuQHXE63gA=="
    "resolved" "https://registry.npmjs.org/jsesc/-/jsesc-2.5.2.tgz"
    "version" "2.5.2"
  
  "json5@^2.2.3":
    "integrity" "sha512-XmOWe7eyHYH14cLdVPoyg+GOH3rYX++KpzrylJwSW98t3Nk+U8XOl8FWKOgwtzdb8lXGf6zYwDUzeHMWfxasyg=="
    "resolved" "https://registry.npmjs.org/json5/-/json5-2.2.3.tgz"
    "version" "2.2.3"
  
  "lodash@^4.17.21":
    "integrity" "sha512-v2kDEe57lecTulaDIuNTPy3Ry4gLGJ6Z1O3vE1krgXZNrsQ+LFTGHVxVjcXPs17LhbZVGedAJv8XZ1tvj5FvSg=="
    "resolved" "https://registry.npmjs.org/lodash/-/lodash-4.17.21.tgz"
    "version" "4.17.21"
  
  "loose-envify@^1.1.0", "loose-envify@^1.4.0":
    "integrity" "sha512-lyuxPGr/Wfhrlem2CL/UcnUc1zcqKAImBDzukY7Y5F/yQiNdko6+fRLevlw1HgMySw7f611UIY408EtxRSoK3Q=="
    "resolved" "https://registry.npmjs.org/loose-envify/-/loose-envify-1.4.0.tgz"
    "version" "1.4.0"
    dependencies:
      "js-tokens" "^3.0.0 || ^4.0.0"
  
  "lru-cache@^5.1.1":
    "integrity" "sha512-KpNARQA3Iwv+jTA0utUVVbrh+Jlrr1Fv0e56GGzAFOXN7dk/FviaDW8LHmK52DlcH4WP2n6gI8vN1aesBFgo9w=="
    "resolved" "https://registry.npmjs.org/lru-cache/-/lru-cache-5.1.1.tgz"
    "version" "5.1.1"
    dependencies:
      "yallist" "^3.0.2"
  
  "magic-string@^0.26.7":
    "integrity" "sha512-hX9XH3ziStPoPhJxLq1syWuZMxbDvGNbVchfrdCtanC7D13888bMFow61x8axrx+GfHLtVeAx2kxL7tTGRl+Ow=="
    "resolved" "https://registry.npmjs.org/magic-string/-/magic-string-0.26.7.tgz"
    "version" "0.26.7"
    dependencies:
      "sourcemap-codec" "^1.4.8"
  
  "memoize-one@^5.2.1", "memoize-one@>=3.1.1 <6":
    "integrity" "sha512-zYiwtZUcYyXKo/np96AGZAckk+FWWsUdJ3cHGGmld7+AhvcWmQyGCYUh1hc4Q/pkOhb65dQR/pqCyK0cOaHz4Q=="
    "resolved" "https://registry.npmjs.org/memoize-one/-/memoize-one-5.2.1.tgz"
    "version" "5.2.1"
  
  "mime-db@1.52.0":
    "integrity" "sha512-sPU4uV7dYlvtWJxwwxHD0PuihVNiE7TyAbQ5SWxDCB9mUYvOgroQOwYQQOKPJ8CIbE+1ETVlOoK1UC2nU3gYvg=="
    "resolved" "https://registry.npmjs.org/mime-db/-/mime-db-1.52.0.tgz"
    "version" "1.52.0"
  
  "mime-types@^2.1.12":
    "integrity" "sha512-ZDY+bPm5zTTF+YpCrAU9nK0UgICYPT0QtT1NZWFv4s++TNkcgVaT0g6+4R2uI4MjQjzysHB1zxuWL50hzaeXiw=="
    "resolved" "https://registry.npmjs.org/mime-types/-/mime-types-2.1.35.tgz"
    "version" "2.1.35"
    dependencies:
      "mime-db" "1.52.0"
  
  "minimatch@^3.1.1":
    "integrity" "sha512-J7p63hRiAjw1NDEww1W7i37+ByIrOWO5XQQAzZ3VOcL0PNybwpfmV/N05zFAzwQ9USyEcX6t3UO+K5aqBQOIHw=="
    "resolved" "https://registry.npmjs.org/minimatch/-/minimatch-3.1.2.tgz"
    "version" "3.1.2"
    dependencies:
      "brace-expansion" "^1.1.7"
  
  "ms@2.1.2":
    "integrity" "sha512-sGkPx+VjMtmA6MX27oA4FBFELFCZZ4S4XqeGOXCv68tT+jb3vk/RyaKWP0PTKyWtmLSM0b+adUTEvbs1PEaH2w=="
    "resolved" "https://registry.npmjs.org/ms/-/ms-2.1.2.tgz"
    "version" "2.1.2"
  
  "nanoid@^3.3.7":
    "integrity" "sha512-eSRppjcPIatRIMC1U6UngP8XFcz8MQWGQdt1MTBQ7NaAmvXDfvNxbvWV3x2y6CdEUciCSsDHDQZbhYaB8QEo2g=="
    "resolved" "https://registry.npmjs.org/nanoid/-/nanoid-3.3.7.tgz"
    "version" "3.3.7"
  
  "node-releases@^2.0.14":
    "integrity" "sha512-y10wOWt8yZpqXmOgRo77WaHEmhYQYGNA6y421PKsKYWEK8aW+cqAphborZDhqfyKrbZEN92CN1X2KbafY2s7Yw=="
    "resolved" "https://registry.npmjs.org/node-releases/-/node-releases-2.0.14.tgz"
    "version" "2.0.14"
  
  "object-assign@^4.1.1":
    "integrity" "sha512-rJgTQnkUnH1sFw8yT6VSU3zD3sWmu6sZhIseY8VX+GRu3P6F7Fu+JNDoXfklElbLJSnc3FUQHVe4cU5hj+BcUg=="
    "resolved" "https://registry.npmjs.org/object-assign/-/object-assign-4.1.1.tgz"
    "version" "4.1.1"
  
  "once@^1.3.0":
    "integrity" "sha512-lNaJgI+2Q5URQBkccEKHTQOPaXdUxnZZElQTZY0MFUAuaEqe1E+Nyvgdz/aIyNi6Z9MzO5dv1H8n58/GELp3+w=="
    "resolved" "https://registry.npmjs.org/once/-/once-1.4.0.tgz"
    "version" "1.4.0"
    dependencies:
      "wrappy" "1"
  
  "path-is-absolute@^1.0.0":
    "integrity" "sha512-AVbw3UJ2e9bq64vSaS9Am0fje1Pa8pbGqTTsmXfaIiMpnr5DlDhfJOuLj9Sf95ZPVDAUerDfEk88MPmPe7UCQg=="
    "resolved" "https://registry.npmjs.org/path-is-absolute/-/path-is-absolute-1.0.1.tgz"
    "version" "1.0.1"
  
  "path-parse@^1.0.7":
    "integrity" "sha512-LDJzPVEEEPR+y48z93A0Ed0yXb8pAByGWo/k5YYdYgpY2/2EsOsksJrq7lOHxryrVOn1ejG6oAp8ahvOIQD8sw=="
    "resolved" "https://registry.npmjs.org/path-parse/-/path-parse-1.0.7.tgz"
    "version" "1.0.7"
  
  "picocolors@^1.0.0":
    "integrity" "sha512-1fygroTLlHu66zi26VoTDv8yRgm0Fccecssto+MhsZ0D/DGW2sm8E8AjW7NU5VVTRt5GxbeZ5qBuJr+HyLYkjQ=="
    "resolved" "https://registry.npmjs.org/picocolors/-/picocolors-1.0.0.tgz"
    "version" "1.0.0"
  
  "postcss@^8.4.18":
    "integrity" "sha512-u5U8qYpBCpN13BsiEB0CbR1Hhh4Gc0zLFuedrHJKMctHCHAGrMdG0PRM/KErzAL3CU6/eckEtmHNB3x6e3c0vA=="
    "resolved" "https://registry.npmjs.org/postcss/-/postcss-8.4.35.tgz"
    "version" "8.4.35"
    dependencies:
      "nanoid" "^3.3.7"
      "picocolors" "^1.0.0"
      "source-map-js" "^1.0.2"
  
  "prop-types@^15.7.2", "prop-types@^15.8.1", "prop-types@15.x":
    "integrity" "sha512-oj87CgZICdulUohogVAR7AjlC0327U4el4L6eAvOqCeudMDVU0NThNaV+b9Df4dXgSP1gXMTnPdhfe/2qDH5cg=="
    "resolved" "https://registry.npmjs.org/prop-types/-/prop-types-15.8.1.tgz"
    "version" "15.8.1"
    dependencies:
      "loose-envify" "^1.4.0"
      "object-assign" "^4.1.1"
      "react-is" "^16.13.1"
  
  "proxy-from-env@^1.1.0":
    "integrity" "sha512-D+zkORCbA9f1tdWRK0RaCR3GPv50cMxcrz4X8k5LTSUD1Dkw47mKJEZQNunItRTkWwgtaUSo1RVFRIG9ZXiFYg=="
    "resolved" "https://registry.npmjs.org/proxy-from-env/-/proxy-from-env-1.1.0.tgz"
    "version" "1.1.0"
  
  "react-dom@^15.0.0 || ^16.0.0 || ^17.0.0 || ^18.0.0", "react-dom@^16.8.0 || ^17.0.0 || ^18.0.0", "react-dom@^18.2.0", "react-dom@>= 16.3.0", "react-dom@>=16.0.0", "react-dom@>=16.8.0":
    "integrity" "sha512-6IMTriUmvsjHUjNtEDudZfuDQUoWXVxKHhlEGSk81n4YFS+r/Kl99wXiwlVXtPBtJenozv2P+hxDsw9eA7Xo6g=="
    "resolved" "https://registry.npmjs.org/react-dom/-/react-dom-18.2.0.tgz"
    "version" "18.2.0"
    dependencies:
      "loose-envify" "^1.1.0"
      "scheduler" "^0.23.0"
  
  "react-draggable@^4.0.3":
    "integrity" "sha512-LtY5Xw1zTPqHkVmtM3X8MUOxNDOUhv/khTgBgrUvwaS064bwVvxT+q5El0uUFNx5IEPKXuRejr7UqLwBIg5pdw=="
    "resolved" "https://registry.npmjs.org/react-draggable/-/react-draggable-4.4.6.tgz"
    "version" "4.4.6"
    dependencies:
      "clsx" "^1.1.1"
      "prop-types" "^15.8.1"
  
  "react-is@^16.13.1":
    "integrity" "sha512-24e6ynE2H+OKt4kqsOvNd8kBpV65zoxbA4BVsEOB3ARVWQki/DHzaUoC5KuON/BiccDaCCTZBuOcfZs70kR8bQ=="
    "resolved" "https://registry.npmjs.org/react-is/-/react-is-16.13.1.tgz"
    "version" "16.13.1"
  
  "react-refresh@^0.14.0":
    "integrity" "sha512-wViHqhAd8OHeLS/IRMJjTSDHF3U9eWi62F/MledQGPdJGDhodXJ9PBLNGr6WWL7qlH12Mt3TyTpbS+hGXMjCzQ=="
    "resolved" "https://registry.npmjs.org/react-refresh/-/react-refresh-0.14.0.tgz"
    "version" "0.14.0"
  
  "react-resizable@^3.0.5":
    "integrity" "sha512-vKpeHhI5OZvYn82kXOs1bC8aOXktGU5AmKAgaZS4F5JPburCtbmDPqE7Pzp+1kN4+Wb81LlF33VpGwWwtXem+w=="
    "resolved" "https://registry.npmjs.org/react-resizable/-/react-resizable-3.0.5.tgz"
    "version" "3.0.5"
    dependencies:
      "prop-types" "15.x"
      "react-draggable" "^4.0.3"
  
  "react-window@^1.8.2":
    "integrity" "sha512-Y0Cx+dnU6NLa5/EvoHukUD0BklJ8qITCtVEPY1C/nL8wwoZ0b5aEw8Ff1dOVHw7fCzMt55XfJDd8S8W8LCaUCg=="
    "resolved" "https://registry.npmjs.org/react-window/-/react-window-1.8.10.tgz"
    "version" "1.8.10"
    dependencies:
      "@babel/runtime" "^7.0.0"
      "memoize-one" ">=3.1.1 <6"
  
  "react@^15.0.0 || ^16.0.0 || ^17.0.0 || ^18.0.0", "react@^16.8.0 || ^17.0.0 || ^18.0.0", "react@^18.2.0", "react@>= 16.3", "react@>= 16.3.0", "react@>=16.0.0", "react@>=16.8.0":
    "integrity" "sha512-/3IjMdb2L9QbBdWiW5e3P2/npwMBaU9mHCSCUzNln0ZCYbcfTsGbTJrU/kGemdH2IWmB2ioZ+zkxtmq6g09fGQ=="
    "resolved" "https://registry.npmjs.org/react/-/react-18.2.0.tgz"
    "version" "18.2.0"
    dependencies:
      "loose-envify" "^1.1.0"
  
  "regenerator-runtime@^0.14.0":
    "integrity" "sha512-dYnhHh0nJoMfnkZs6GmmhFknAGRrLznOu5nc9ML+EJxGvrx6H7teuevqVqCuPcPK//3eDrrjQhehXVx9cnkGdw=="
    "resolved" "https://registry.npmjs.org/regenerator-runtime/-/regenerator-runtime-0.14.1.tgz"
    "version" "0.14.1"
  
  "resolve@^1.22.1":
    "integrity" "sha512-oKWePCxqpd6FlLvGV1VU0x7bkPmmCNolxzjMf4NczoDnQcIWrAF+cPtZn5i6n+RfD2d9i0tzpKnG6Yk168yIyw=="
    "resolved" "https://registry.npmjs.org/resolve/-/resolve-1.22.8.tgz"
    "version" "1.22.8"
    dependencies:
      "is-core-module" "^2.13.0"
      "path-parse" "^1.0.7"
      "supports-preserve-symlinks-flag" "^1.0.0"
  
  "rollup@^2.79.1":
    "integrity" "sha512-uKxbd0IhMZOhjAiD5oAFp7BqvkA4Dv47qpOCtaNvng4HBwdbWtdOh8f5nZNuk2rp51PMGk3bzfWu5oayNEuYnw=="
    "resolved" "https://registry.npmjs.org/rollup/-/rollup-2.79.1.tgz"
    "version" "2.79.1"
    optionalDependencies:
      "fsevents" "~2.3.2"
  
  "scheduler@^0.23.0":
    "integrity" "sha512-CtuThmgHNg7zIZWAXi3AsyIzA3n4xx7aNyjwC2VJldO2LMVDhFK+63xGqq6CsJH4rTAt6/M+N4GhZiDYPx9eUw=="
    "resolved" "https://registry.npmjs.org/scheduler/-/scheduler-0.23.0.tgz"
    "version" "0.23.0"
    dependencies:
      "loose-envify" "^1.1.0"
  
  "scroll-into-view-if-needed@^2.2.24":
    "integrity" "sha512-dGCXy99wZQivjmjIqihaBQNjryrz5rueJY7eHfTdyWEiR4ttYpsajb14rn9s5d4DY4EcY6+4+U/maARBXJedkA=="
    "resolved" "https://registry.npmjs.org/scroll-into-view-if-needed/-/scroll-into-view-if-needed-2.2.31.tgz"
    "version" "2.2.31"
    dependencies:
      "compute-scroll-into-view" "^1.0.20"
  
  "semver@^6.3.1":
    "integrity" "sha512-BR7VvDCVHO+q2xBEWskxS6DJE1qRnb7DxzUrogb71CWoSficBxYsiAGd+Kl0mmq/MprG9yArRkyrQxTO6XjMzA=="
    "resolved" "https://registry.npmjs.org/semver/-/semver-6.3.1.tgz"
    "version" "6.3.1"
  
  "source-map-js@^1.0.2":
    "integrity" "sha512-R0XvVJ9WusLiqTCEiGCmICCMplcCkIwwR11mOSD9CR5u+IXYdiseeEuXCVAjS54zqwkLcPNnmU4OeJ6tUrWhDw=="
    "resolved" "https://registry.npmjs.org/source-map-js/-/source-map-js-1.0.2.tgz"
    "version" "1.0.2"
  
  "sourcemap-codec@^1.4.8":
    "integrity" "sha512-9NykojV5Uih4lgo5So5dtw+f0JgJX30KCNI8gwhz2J9A15wD0Ml6tjHKwf6fTSa6fAdVBdZeNOs9eJ71qCk8vA=="
    "resolved" "https://registry.npmjs.org/sourcemap-codec/-/sourcemap-codec-1.4.8.tgz"
    "version" "1.4.8"
  
  "supports-color@^5.3.0":
    "integrity" "sha512-QjVjwdXIt408MIiAqCX4oUKsgU2EqAGzs2Ppkm4aQYbjm+ZEWEcW4SfFNTr4uMNZma0ey4f5lgLrkB0aX0QMow=="
    "resolved" "https://registry.npmjs.org/supports-color/-/supports-color-5.5.0.tgz"
    "version" "5.5.0"
    dependencies:
      "has-flag" "^3.0.0"
  
  "supports-preserve-symlinks-flag@^1.0.0":
    "integrity" "sha512-ot0WnXS9fgdkgIcePe6RHNk1WA8+muPa6cSjeR3V8K27q9BB1rTE3R1p7Hv0z1ZyAc8s6Vvv8DIyWf681MAt0w=="
    "resolved" "https://registry.npmjs.org/supports-preserve-symlinks-flag/-/supports-preserve-symlinks-flag-1.0.0.tgz"
    "version" "1.0.0"
  
  "to-fast-properties@^2.0.0":
    "integrity" "sha512-/OaKK0xYrs3DmxRYqL/yDc+FxFUVYhDlXMhRmv3z915w2HF1tnN1omB354j8VUGO/hbRzyD6Y3sA7v7GS/ceog=="
    "resolved" "https://registry.npmjs.org/to-fast-properties/-/to-fast-properties-2.0.0.tgz"
    "version" "2.0.0"
  
  "tslib@^2.0.0":
    "integrity" "sha512-AEYxH93jGFPn/a2iVAwW87VuUIkR1FVUKB77NwMF7nBTDkDrrT/Hpt/IrCJ0QXhW27jTBDcf5ZY7w6RiqTMw2Q=="
    "resolved" "https://registry.npmjs.org/tslib/-/tslib-2.6.2.tgz"
    "version" "2.6.2"
  
  "typescript@^4.7.4":
    "integrity" "sha512-1FXk9E2Hm+QzZQ7z+McJiHL4NW1F2EzMu9Nq9i3zAaGqibafqYwCVU6WyWAuyQRRzOlxou8xZSyXLEN8oKj24g=="
    "resolved" "https://registry.npmjs.org/typescript/-/typescript-4.9.5.tgz"
    "version" "4.9.5"
  
  "update-browserslist-db@^1.0.13":
    "integrity" "sha512-xebP81SNcPuNpPP3uzeW1NYXxI3rxyJzF3pD6sH4jE7o/IX+WtSpwnVU+qIsDPyk0d3hmFQ7mjqc6AtV604hbg=="
    "resolved" "https://registry.npmjs.org/update-browserslist-db/-/update-browserslist-db-1.0.13.tgz"
    "version" "1.0.13"
    dependencies:
      "escalade" "^3.1.1"
      "picocolors" "^1.0.0"
  
  "utility-types@^3.10.0":
    "integrity" "sha512-6Z7Ma2aVEWisaL6TvBCy7P8rm2LQoPv6dJ7ecIaIixHcwfbJ0x7mWdbcwlIM5IGQxPZSFYeqRCqlOOeKoJYMkw=="
    "resolved" "https://registry.npmjs.org/utility-types/-/utility-types-3.11.0.tgz"
    "version" "3.11.0"
  
  "vite@^3.0.0", "vite@^3.0.4":
    "integrity" "sha512-EtQU16PLIJpAZol2cTLttNP1mX6L0SyI0pgQB1VOoWeQnMSvtiwovV3D6NcjN8CZQWWyESD2v5NGnpz5RvgOZA=="
    "resolved" "https://registry.npmjs.org/vite/-/vite-3.2.8.tgz"
    "version" "3.2.8"
    dependencies:
      "esbuild" "^0.15.9"
      "postcss" "^8.4.18"
      "resolve" "^1.22.1"
      "rollup" "^2.79.1"
    optionalDependencies:
      "fsevents" "~2.3.2"
  
  "wrappy@1":
    "integrity" "sha512-l4Sp/DRseor9wL6EvV2+TuQn63dMkPjZ/sp9XkghTEbV9KlPS1xUsZ3u7/IQO4wxtcFB4bgpQPRcR3QCvezPcQ=="
    "resolved" "https://registry.npmjs.org/wrappy/-/wrappy-1.0.2.tgz"
    "version" "1.0.2"
  
  "yallist@^3.0.2":
    "integrity" "sha512-a4UGQaWPH59mOXUYnAG2ewncQS4i4F43Tv3JoAM+s2VDAmS9NsK8GpDMLrCHPksFT7h3K6TOoUNn2pb7RoXx4g=="
    "resolved" "https://registry.npmjs.org/yallist/-/yallist-3.1.1.tgz"
    "version" "3.1.1"
